<?xml version="1.0" encoding="utf-8"?><testsuites name="pytest tests"><testsuite name="pytest" errors="0" failures="0" skipped="0" tests="15" time="8.244" timestamp="2026-04-24T18:31:20.214613+00:00" hostname="agent-env-e151202f-580b-456c-9393-c2db5551348d"><testcase classname="backend.tests.test_backend" name="test_root_health" time="0.228" /><testcase classname="backend.tests.test_backend" name="test_admin_seed_login" time="0.391" /><testcase classname="backend.tests.test_backend.TestAuthFlow" name="test_register_sets_cookies_and_returns_user" time="0.371" /><testcase classname="backend.tests.test_backend.TestAuthFlow" name="test_register_duplicate_email_returns_400" time="0.382" /><testcase classname="backend.tests.test_backend.TestAuthFlow" name="test_me_requires_auth" time="0.148" /><testcase classname="backend.tests.test_backend.TestAuthFlow" name="test_me_returns_user_when_authenticated" time="0.385" /><testcase classname="backend.tests.test_backend.TestAuthFlow" name="test_login_wrong_password_401" time="0.647" /><testcase classname="backend.tests.test_backend.TestAuthFlow" name="test_logout_clears_cookies" time="0.439" /><testcase classname="backend.tests.test_backend.TestValidation" name="test_invalid_email_format" time="0.117" /><testcase classname="backend.tests.test_backend.TestValidation" name="test_password_too_short" time="0.163" /><testcase classname="backend.tests.test_backend.TestValidation" name="test_transaction_value_must_be_positive" time="0.470" /><testcase classname="backend.tests.test_backend.TestTransactions" name="test_create_list_delete" time="0.706" /><testcase classname="backend.tests.test_backend.TestGoals" name="test_create_deposit_delete" time="0.580" /><testcase classname="backend.tests.test_backend.TestRLS" name="test_user_a_cannot_access_user_b_data" time="1.205" /><testcase classname="backend.tests.test_backend" name="test_brute_force_lockout" time="1.862" /></testsuite></testsuites>